<?xml version="1.0" encoding="UTF-8"?>
<!-- Generated by org.testng.reporters.JUnitReportReporter -->
<testsuite hostname="Snehals-MacBook-Air.local" failures="0" tests="3" name="tests.AlarmTests" time="32.632" errors="0" timestamp="2021-04-25T20:47:50 CEST" skipped="0">
  <testcase classname="tests.AlarmTests" name="set_invalid_time" time="6.866"/>
  <system-out/>
  <testcase classname="tests.AlarmTests" name="addAlarm_analog_validtime" time="15.514"/>
  <system-out/>
  <testcase classname="tests.AlarmTests" name="addAlarm_digital_validtime" time="10.252"/>
  <system-out/>
</testsuite> <!-- tests.AlarmTests -->
