<?xml version="1.0" encoding="UTF-8"?>
<!-- Generated by org.testng.reporters.JUnitReportReporter -->
<testsuite hostname="Snehals-MacBook-Air.local" failures="0" tests="3" name="tests.AlarmTests" time="26.652" errors="0" timestamp="2021-04-25T19:44:36 CEST" skipped="0">
  <testcase classname="tests.AlarmTests" name="set_invalid_time" time="6.305"/>
  <system-out/>
  <testcase classname="tests.AlarmTests" name="addAlarm_analog_validtime" time="11.440"/>
  <system-out/>
  <testcase classname="tests.AlarmTests" name="addAlarm_digital_validtime" time="8.907"/>
  <system-out/>
</testsuite> <!-- tests.AlarmTests -->
