<?xml version="1.0" encoding="UTF-8"?>
<!-- Generated by org.testng.reporters.JUnitReportReporter -->
<testsuite hostname="Snehals-MacBook-Air.local" failures="0" tests="3" name="TestNG_pkg.Test1" time="10.566" errors="1" timestamp="2021-04-24T23:32:01 CEST" skipped="0">
  <testcase classname="TestNG_pkg.Test1" name="addAlarm" time="7.336"/>
  <system-out/>
  <testcase classname="TestNG_pkg.Test1" name="deleteAlarm" time="0.003"/>
  <system-out/>
  <testcase classname="TestNG_pkg.Test1" name="verifyAlarm" time="3.227">
    <error message="An unknown server-side error occurred while processing the command. Original error: io.appium.uiautomator2.common.exceptions.UiAutomator2Exception: java.lang.IllegalArgumentException: Namespace with prefix &#039;com.google.android.deskclock&#039; has not been declared.
	at io.appium.uiautomator2.core.AccessibilityNodeInfoDumper.findNodes(AccessibilityNodeInfoDumper.java:237)
	at io.appium.uiautomator2.utils.ElementLocationHelpers.getXPathNodeMatch(ElementLocationHelpers.java:71)
	at io.appium.uiautomator2.handler.FindElement.findElement(FindElement.java:104)
	at io.appium.uiautomator2.handler.FindElement.safeHandle(FindElement.java:75)
	at io.appium.uiautomator2.handler.request.SafeRequestHandler.handle(SafeRequestHandler.java:37)
	at io.appium.uiautomator2.server.AppiumServlet.handleRequest(AppiumServlet.java:252)
	at io.appium.uiautomator2.server.AppiumServlet.handleHttpRequest(AppiumServlet.java:243)
	at io.appium.uiautomator2.http.ServerHandler.channelRead(ServerHandler.java:44)
	at io.netty.channel.AbstractChannelHandlerContext.invokeChannelRead(AbstractChannelHandlerContext.java:366)
	at io.netty.channel.AbstractChannelHandlerContext.invokeChannelRead(AbstractChannelHandlerContext.java:352)
	at io.netty.channel.AbstractChannelHandlerContext.fireChannelRead(AbstractChannelHandlerContext.java:345)
	at io.netty.handler.codec.MessageToMessageDecoder.channelRead(MessageToMessageDecoder.java:102)
	at io.netty.channel.AbstractChannelHandlerContext.invokeChannelRead(AbstractChannelHandlerContext.java:366)
	at io.netty.channel.AbstractChannelHandlerContext.invokeChannelRead(AbstractChannelHandlerContext.java:352)
	at io.netty.channel.AbstractChannelHandlerContext.fireChannelRead(AbstractChannelHandlerContext.java:345)
	at io.netty.channel.CombinedChannelDuplexHandler$DelegatingChannelHandlerContext.fireChannelRead(CombinedChannelDuplexHandler.java:435)
	at io.netty.handler.codec.ByteToMessageDecoder.fireChannelRead(ByteToMessageDecoder.java:293)
	at io.netty.handler.codec.ByteToMessageDecoder.channelRead(ByteToMessageDecoder.java:267)
	at io.netty.channel.CombinedChannelDuplexHandler.channelRead(CombinedChannelDuplexHandler.java:250)
	at io.netty.channel.AbstractChannelHandlerContext.invokeChannelRead(AbstractChannelHandlerContext.java:366)
	at io.netty.channel.AbstractChannelHandlerContext.invokeChannelRead(AbstractChannelHandlerContext.java:352)
	at io.netty.channel.AbstractChannelHandlerContext.fireChannelRead(AbstractChannelHandlerContext.java:345)
	at io.netty.channel.DefaultChannelPipeline$HeadContext.channelRead(DefaultChannelPipeline.java:1294)
	at io.netty.channel.AbstractChannelHandlerContext.invokeChannelRead(AbstractChannelHandlerContext.java:366)
	at io.netty.channel.AbstractChannelHandlerContext.invokeChannelRead(AbstractChannelHandlerContext.java:352)
	at io.netty.channel.DefaultChannelPipeline.fireChannelRead(DefaultChannelPipeline.java:911)
	at io.netty.channel.nio.AbstractNioByteChannel$NioByteUnsafe.read(AbstractNioByteChannel.java:131)
	at io.netty.channel.nio.NioEventLoop.processSelectedKey(NioEventLoop.java:611)
	at io.netty.channel.nio.NioEventLoop.processSelectedKeysOptimized(NioEventLoop.java:552)
	at io.netty.channel.nio.NioEventLoop.processSelectedKeys(NioEventLoop.java:466)
	at io.netty.channel.nio.NioEventLoop.run(NioEventLoop.java:438)
	at io.netty.util.concurrent.SingleThreadEventExecutor$2.run(SingleThreadEventExecutor.java:140)
	at io.netty.util.concurrent.DefaultThreadFactory$DefaultRunnableDecorator.run(DefaultThreadFactory.java:144)
	at java.lang.Thread.run(Thread.java:923)
Caused by: java.lang.IllegalArgumentException: Namespace with prefix &#039;com.google.android.deskclock&#039; has not been declared.
	at org.jdom2.xpath.util.AbstractXPathCompiled.getNamespace(AbstractXPathCompiled.java:256)
	at org.jdom2.xpath.jaxen.JaxenCompiled.translateNamespacePrefixToUri(JaxenCompiled.java:171)
	at org.jaxen.ContextSupport.translateNamespacePrefixToUri(ContextSupport.java:190)
	at org.jaxen.expr.DefaultNameStep.matches(DefaultNameStep.java:356)
	at org.jaxen.expr.DefaultNameStep.evaluate(DefaultNameStep.java:209)
	at org.jaxen.expr.DefaultLocationPath.evaluate(DefaultLocationPath.java:140)
	at org.jaxen.expr.DefaultPathExpr.evaluate(DefaultPathExpr.java:137)
	at org.jaxen.expr.DefaultXPathExpr.asList(DefaultXPathExpr.java:102)
	at org.jaxen.BaseXPath.selectNodesForContext(BaseXPath.java:677)
	at org.jaxen.BaseXPath.selectNodes(BaseXPath.java:216)
	at org.jdom2.xpath.jaxen.JaxenCompiled.evaluateRawAll(JaxenCompiled.java:198)
	at org.jdom2.xpath.util.AbstractXPathCompiled.evaluate(AbstractXPathCompiled.java:356)
	at io.appium.uiautomator2.core.AccessibilityNodeInfoDumper.findNodes(AccessibilityNodeInfoDumper.java:218)
	... 33 more

Build info: version: &#039;3.141.59&#039;, revision: &#039;e82be7d358&#039;, time: &#039;2018-11-14T08:17:03&#039;
System info: host: &#039;Snehals-MacBook-Air.local&#039;, ip: &#039;fe80:0:0:0:40d:e1fa:e6fc:a462%en0&#039;, os.name: &#039;Mac OS X&#039;, os.arch: &#039;x86_64&#039;, os.version: &#039;10.16&#039;, java.version: &#039;15.0.2&#039;
Driver info: io.appium.java_client.android.AndroidDriver
Capabilities {appActivity: com.android.deskclock.DeskC..., appPackage: com.google.android.deskclock, automationName: UiAutomator2, avd: Nexus_4_API_30, avdLaunchTimeout: 100000, databaseEnabled: false, desired: {appActivity: com.android.deskclock.DeskC..., appPackage: com.google.android.deskclock, automationName: UiAutomator2, avd: Nexus_4_API_30, avdLaunchTimeout: 100000, deviceName: emulator-5554, platformName: android, platformVersion: 11}, deviceApiLevel: 30, deviceManufacturer: Google, deviceModel: sdk_gphone_x86_arm, deviceName: emulator-5554, deviceScreenDensity: 320, deviceScreenSize: 768x1280, deviceUDID: emulator-5554, javascriptEnabled: true, locationContextEnabled: false, networkConnectionEnabled: true, pixelRatio: 2, platform: LINUX, platformName: Android, platformVersion: 11, statBarHeight: 48, takesScreenshot: true, viewportRect: {height: 1136, left: 0, top: 48, width: 768}, warnings: {}, webStorageEnabled: false}
Session ID: 0d3c096d-0dc5-4d32-a057-cf68c207679b
*** Element info: {Using=xpath, value=com.google.android.deskclock:id/arrow}" type="org.openqa.selenium.WebDriverException">
      <![CDATA[org.openqa.selenium.WebDriverException: An unknown server-side error occurred while processing the command. Original error: io.appium.uiautomator2.common.exceptions.UiAutomator2Exception: java.lang.IllegalArgumentException: Namespace with prefix 'com.google.android.deskclock' has not been declared.
at io.appium.uiautomator2.core.AccessibilityNodeInfoDumper.findNodes(AccessibilityNodeInfoDumper.java:237)
at io.appium.uiautomator2.utils.ElementLocationHelpers.getXPathNodeMatch(ElementLocationHelpers.java:71)
at io.appium.uiautomator2.handler.FindElement.findElement(FindElement.java:104)
at io.appium.uiautomator2.handler.FindElement.safeHandle(FindElement.java:75)
at io.appium.uiautomator2.handler.request.SafeRequestHandler.handle(SafeRequestHandler.java:37)
at io.appium.uiautomator2.server.AppiumServlet.handleRequest(AppiumServlet.java:252)
at io.appium.uiautomator2.server.AppiumServlet.handleHttpRequest(AppiumServlet.java:243)
at io.appium.uiautomator2.http.ServerHandler.channelRead(ServerHandler.java:44)
at io.netty.channel.AbstractChannelHandlerContext.invokeChannelRead(AbstractChannelHandlerContext.java:366)
at io.netty.channel.AbstractChannelHandlerContext.invokeChannelRead(AbstractChannelHandlerContext.java:352)
at io.netty.channel.AbstractChannelHandlerContext.fireChannelRead(AbstractChannelHandlerContext.java:345)
at io.netty.handler.codec.MessageToMessageDecoder.channelRead(MessageToMessageDecoder.java:102)
at io.netty.channel.AbstractChannelHandlerContext.invokeChannelRead(AbstractChannelHandlerContext.java:366)
at io.netty.channel.AbstractChannelHandlerContext.invokeChannelRead(AbstractChannelHandlerContext.java:352)
at io.netty.channel.AbstractChannelHandlerContext.fireChannelRead(AbstractChannelHandlerContext.java:345)
at io.netty.channel.CombinedChannelDuplexHandler$DelegatingChannelHandlerContext.fireChannelRead(CombinedChannelDuplexHandler.java:435)
at io.netty.handler.codec.ByteToMessageDecoder.fireChannelRead(ByteToMessageDecoder.java:293)
at io.netty.handler.codec.ByteToMessageDecoder.channelRead(ByteToMessageDecoder.java:267)
at io.netty.channel.CombinedChannelDuplexHandler.channelRead(CombinedChannelDuplexHandler.java:250)
at io.netty.channel.AbstractChannelHandlerContext.invokeChannelRead(AbstractChannelHandlerContext.java:366)
at io.netty.channel.AbstractChannelHandlerContext.invokeChannelRead(AbstractChannelHandlerContext.java:352)
at io.netty.channel.AbstractChannelHandlerContext.fireChannelRead(AbstractChannelHandlerContext.java:345)
at io.netty.channel.DefaultChannelPipeline$HeadContext.channelRead(DefaultChannelPipeline.java:1294)
at io.netty.channel.AbstractChannelHandlerContext.invokeChannelRead(AbstractChannelHandlerContext.java:366)
at io.netty.channel.AbstractChannelHandlerContext.invokeChannelRead(AbstractChannelHandlerContext.java:352)
at io.netty.channel.DefaultChannelPipeline.fireChannelRead(DefaultChannelPipeline.java:911)
at io.netty.channel.nio.AbstractNioByteChannel$NioByteUnsafe.read(AbstractNioByteChannel.java:131)
at io.netty.channel.nio.NioEventLoop.processSelectedKey(NioEventLoop.java:611)
at io.netty.channel.nio.NioEventLoop.processSelectedKeysOptimized(NioEventLoop.java:552)
at io.netty.channel.nio.NioEventLoop.processSelectedKeys(NioEventLoop.java:466)
at io.netty.channel.nio.NioEventLoop.run(NioEventLoop.java:438)
at io.netty.util.concurrent.SingleThreadEventExecutor$2.run(SingleThreadEventExecutor.java:140)
at io.netty.util.concurrent.DefaultThreadFactory$DefaultRunnableDecorator.run(DefaultThreadFactory.java:144)
at java.lang.Thread.run(Thread.java:923)
Caused by: java.lang.IllegalArgumentException: Namespace with prefix 'com.google.android.deskclock' has not been declared.
at org.jdom2.xpath.util.AbstractXPathCompiled.getNamespace(AbstractXPathCompiled.java:256)
at org.jdom2.xpath.jaxen.JaxenCompiled.translateNamespacePrefixToUri(JaxenCompiled.java:171)
at org.jaxen.ContextSupport.translateNamespacePrefixToUri(ContextSupport.java:190)
at org.jaxen.expr.DefaultNameStep.matches(DefaultNameStep.java:356)
at org.jaxen.expr.DefaultNameStep.evaluate(DefaultNameStep.java:209)
at org.jaxen.expr.DefaultLocationPath.evaluate(DefaultLocationPath.java:140)
at org.jaxen.expr.DefaultPathExpr.evaluate(DefaultPathExpr.java:137)
at org.jaxen.expr.DefaultXPathExpr.asList(DefaultXPathExpr.java:102)
at org.jaxen.BaseXPath.selectNodesForContext(BaseXPath.java:677)
at org.jaxen.BaseXPath.selectNodes(BaseXPath.java:216)
at org.jdom2.xpath.jaxen.JaxenCompiled.evaluateRawAll(JaxenCompiled.java:198)
at org.jdom2.xpath.util.AbstractXPathCompiled.evaluate(AbstractXPathCompiled.java:356)
at io.appium.uiautomator2.core.AccessibilityNodeInfoDumper.findNodes(AccessibilityNodeInfoDumper.java:218)
... 33 more

Build info: version: '3.141.59', revision: 'e82be7d358', time: '2018-11-14T08:17:03'
System info: host: 'Snehals-MacBook-Air.local', ip: 'fe80:0:0:0:40d:e1fa:e6fc:a462%en0', os.name: 'Mac OS X', os.arch: 'x86_64', os.version: '10.16', java.version: '15.0.2'
Driver info: io.appium.java_client.android.AndroidDriver
Capabilities {appActivity: com.android.deskclock.DeskC..., appPackage: com.google.android.deskclock, automationName: UiAutomator2, avd: Nexus_4_API_30, avdLaunchTimeout: 100000, databaseEnabled: false, desired: {appActivity: com.android.deskclock.DeskC..., appPackage: com.google.android.deskclock, automationName: UiAutomator2, avd: Nexus_4_API_30, avdLaunchTimeout: 100000, deviceName: emulator-5554, platformName: android, platformVersion: 11}, deviceApiLevel: 30, deviceManufacturer: Google, deviceModel: sdk_gphone_x86_arm, deviceName: emulator-5554, deviceScreenDensity: 320, deviceScreenSize: 768x1280, deviceUDID: emulator-5554, javascriptEnabled: true, locationContextEnabled: false, networkConnectionEnabled: true, pixelRatio: 2, platform: LINUX, platformName: Android, platformVersion: 11, statBarHeight: 48, takesScreenshot: true, viewportRect: {height: 1136, left: 0, top: 48, width: 768}, warnings: {}, webStorageEnabled: false}
Session ID: 0d3c096d-0dc5-4d32-a057-cf68c207679b
*** Element info: {Using=xpath, value=com.google.android.deskclock:id/arrow}
at java.base/jdk.internal.reflect.NativeConstructorAccessorImpl.newInstance0(Native Method)
at java.base/jdk.internal.reflect.NativeConstructorAccessorImpl.newInstance(NativeConstructorAccessorImpl.java:64)
at java.base/jdk.internal.reflect.DelegatingConstructorAccessorImpl.newInstance(DelegatingConstructorAccessorImpl.java:45)
at java.base/java.lang.reflect.Constructor.newInstanceWithCaller(Constructor.java:500)
at java.base/java.lang.reflect.Constructor.newInstance(Constructor.java:481)
at org.openqa.selenium.remote.http.W3CHttpResponseCodec.createException(W3CHttpResponseCodec.java:187)
at org.openqa.selenium.remote.http.W3CHttpResponseCodec.decode(W3CHttpResponseCodec.java:122)
at org.openqa.selenium.remote.http.W3CHttpResponseCodec.decode(W3CHttpResponseCodec.java:49)
at org.openqa.selenium.remote.HttpCommandExecutor.execute(HttpCommandExecutor.java:158)
at io.appium.java_client.remote.AppiumCommandExecutor.execute(AppiumCommandExecutor.java:239)
at org.openqa.selenium.remote.RemoteWebDriver.execute(RemoteWebDriver.java:552)
at io.appium.java_client.DefaultGenericMobileDriver.execute(DefaultGenericMobileDriver.java:41)
at io.appium.java_client.AppiumDriver.execute(AppiumDriver.java:1)
at io.appium.java_client.android.AndroidDriver.execute(AndroidDriver.java:1)
at org.openqa.selenium.remote.RemoteWebDriver.findElement(RemoteWebDriver.java:323)
at io.appium.java_client.DefaultGenericMobileDriver.findElement(DefaultGenericMobileDriver.java:61)
at io.appium.java_client.AppiumDriver.findElement(AppiumDriver.java:1)
at io.appium.java_client.android.AndroidDriver.findElement(AndroidDriver.java:1)
at org.openqa.selenium.remote.RemoteWebDriver.findElementByXPath(RemoteWebDriver.java:428)
at io.appium.java_client.DefaultGenericMobileDriver.findElementByXPath(DefaultGenericMobileDriver.java:151)
at io.appium.java_client.AppiumDriver.findElementByXPath(AppiumDriver.java:1)
at io.appium.java_client.android.AndroidDriver.findElementByXPath(AndroidDriver.java:1)
at TestNG_pkg.Test1.verifyAlarm(Test1.java:62)
at java.base/jdk.internal.reflect.NativeMethodAccessorImpl.invoke0(Native Method)
at java.base/jdk.internal.reflect.NativeMethodAccessorImpl.invoke(NativeMethodAccessorImpl.java:64)
at java.base/jdk.internal.reflect.DelegatingMethodAccessorImpl.invoke(DelegatingMethodAccessorImpl.java:43)
at java.base/java.lang.reflect.Method.invoke(Method.java:564)
at org.testng.internal.MethodInvocationHelper.invokeMethod(MethodInvocationHelper.java:134)
at org.testng.internal.TestInvoker.invokeMethod(TestInvoker.java:597)
at org.testng.internal.TestInvoker.invokeTestMethod(TestInvoker.java:173)
at org.testng.internal.MethodRunner.runInSequence(MethodRunner.java:46)
at org.testng.internal.TestInvoker$MethodInvocationAgent.invoke(TestInvoker.java:816)
at org.testng.internal.TestInvoker.invokeTestMethods(TestInvoker.java:146)
at org.testng.internal.TestMethodWorker.invokeTestMethods(TestMethodWorker.java:146)
at org.testng.internal.TestMethodWorker.run(TestMethodWorker.java:128)
at java.base/java.util.ArrayList.forEach(ArrayList.java:1511)
at org.testng.TestRunner.privateRun(TestRunner.java:766)
at org.testng.TestRunner.run(TestRunner.java:587)
at org.testng.SuiteRunner.runTest(SuiteRunner.java:384)
at org.testng.SuiteRunner.runSequentially(SuiteRunner.java:378)
at org.testng.SuiteRunner.privateRun(SuiteRunner.java:337)
at org.testng.SuiteRunner.run(SuiteRunner.java:286)
at org.testng.SuiteRunnerWorker.runSuite(SuiteRunnerWorker.java:53)
at org.testng.SuiteRunnerWorker.run(SuiteRunnerWorker.java:96)
at org.testng.TestNG.runSuitesSequentially(TestNG.java:1187)
at org.testng.TestNG.runSuitesLocally(TestNG.java:1109)
at org.testng.TestNG.runSuites(TestNG.java:1039)
at org.testng.TestNG.run(TestNG.java:1007)
at org.testng.remote.AbstractRemoteTestNG.run(AbstractRemoteTestNG.java:115)
at org.testng.remote.RemoteTestNG.initAndRun(RemoteTestNG.java:251)
at org.testng.remote.RemoteTestNG.main(RemoteTestNG.java:77)
]]>
    </error>
  </testcase> <!-- verifyAlarm -->
  <system-out/>
</testsuite> <!-- TestNG_pkg.Test1 -->
